<?xml version="1.0" encoding="UTF-8"?>
<!-- Generated by org.testng.reporters.JUnitReportReporter -->
<testsuite skipped="0" hostname="DESKTOP-TCKKCNF" name="test.LoginPageTest" tests="2" failures="0" timestamp="22 Jan 2023 19:42:40 GMT" time="20.104" errors="0">
  <testcase name="pageTitleTest" time="9.222" classname="test.LoginPageTest"/>
  <testcase name="loginTest" time="10.882" classname="test.LoginPageTest"/>
</testsuite> <!-- test.LoginPageTest -->
