<?xml version="1.0" encoding="UTF-8"?>
<!-- Generated by org.testng.reporters.JUnitReportReporter -->
<testsuite skipped="0" hostname="DESKTOP-NFATJD6" name="test.LoginPageTest" tests="2" failures="0" timestamp="06 Nov 2022 08:08:22 GMT" time="27.726" errors="0">
  <testcase name="loginTest" time="23.446" classname="test.LoginPageTest"/>
  <testcase name="pageTitleTest" time="4.280" classname="test.LoginPageTest"/>
</testsuite> <!-- test.LoginPageTest -->
